<?xml version="1.0" encoding="UTF-8"?>
<!-- Generated by org.testng.reporters.JUnitXMLReporter -->
<testsuite ignored="0" hostname="DESKTOP-NU2NRDQ" failures="0" tests="10" name="Default test" time="43.885" errors="0" timestamp="2024-08-10T00:53:37 IST">
  <testcase classname="testCases.TC_AccountRegistrationTest" name="verify_account_registration" time="3.051"/>
  <testcase classname="testCases.TC_AccountRegistrationTest" name="verify_account_registration" time="3.055"/>
  <testcase classname="testCases.TC_AccountRegistrationTest" name="verify_account_registration" time="3.008"/>
  <testcase classname="testCases.TC_AccountRegistrationTest" name="verify_account_registration" time="3.042"/>
  <testcase classname="testCases.TC_AccountRegistrationTest" name="verify_account_registration" time="2.986"/>
  <testcase classname="testCases.TC_AccountRegistrationTest" name="verify_account_registration" time="2.992"/>
  <testcase classname="testCases.TC_AccountRegistrationTest" name="verify_account_registration" time="3.021"/>
  <testcase classname="testCases.TC_AccountRegistrationTest" name="verify_account_registration" time="2.986"/>
  <testcase classname="testCases.TC_AccountRegistrationTest" name="verify_account_registration" time="3.018"/>
  <testcase classname="testCases.TC_AccountRegistrationTest" name="verify_account_registration" time="3.043"/>
</testsuite> <!-- Default test -->
